Arguments: 
  /home/deepansh/.nvm/versions/node/v8.9.0/bin/node /home/deepansh/.nvm/versions/node/v8.9.0/bin/yarn install

PATH: 
  /home/deepansh/.nvm/versions/node/v8.9.0/bin:/home/deepansh/.local/share/umake/bin:/usr/local/sbin:/usr/local/bin:/usr/sbin:/usr/bin:/sbin:/bin:/usr/games:/usr/local/games:/snap/bin

Yarn version: 
  1.3.2

Node version: 
  8.9.0

Platform: 
  linux x64

npm manifest: 
  {
    "name": "messenger",
    "version": "1.0.0",
    "description": "",
    "main": "index.js",
    "scripts": {
      "start": "nodemon src/server/index.js --exec babel-node",
      "eslint": "eslint ./src --fix"
    },
    "author": "",
    "license": "ISC",
    "dependencies": {
      "bcrypt": "^1.0.3",
      "boom": "^7.1.1",
      "eslint": "^4.15.0",
      "eslint-plugin-jsx-a11y": "^6.0.3",
      "eslint-plugin-react": "^7.5.1",
      "hapi": "^17.2.0",
      "hapi-auth-jwt2": "^7.4.1",
      "joi": "^13.1.0",
      "jsonwebtoken": "^8.1.0",
      "mongodb": "^3.0.1",
      "mongoose": "^4.13.9",
      "socket.io": "^2.0.4"
    },
    "devDependencies": {
      "babel-cli": "^6.26.0",
      "babel-eslint": "^8.2.1",
      "babel-preset-airbnb": "^2.4.0",
      "babel-preset-es2015": "^6.24.1",
      "babel-preset-stage-0": "^6.24.1",
      "eslint-config-airbnb": "^16.1.0",
      "eslint-plugin-import": "^2.8.0",
      "nodemon": "^1.14.11"
    }
  }

yarn manifest: 
  No manifest

Lockfile: 
  No lockfile

Trace: 
  Error: https://registry.yarnpkg.com/node-pre-gyp: ETIMEDOUT
      at Timeout._onTimeout (/home/deepansh/.nvm/versions/node/v8.9.0/lib/node_modules/yarn/lib/cli.js:123749:19)
      at ontimeout (timers.js:475:11)
      at tryOnTimeout (timers.js:310:5)
      at Timer.listOnTimeout (timers.js:270:5)
